Running with OMP_NUM_THREADS=1
Total density after 100 timesteps: 140880

real	0m14.850s
user	0m14.806s
sys	0m0.033s
Running with OMP_NUM_THREADS=2
Total density after 100 timesteps: 140880

real	0m7.821s
user	0m15.524s
sys	0m0.050s
Running with OMP_NUM_THREADS=3
Total density after 100 timesteps: 140880

real	0m5.372s
user	0m16.010s
sys	0m0.070s
Running with OMP_NUM_THREADS=4
Total density after 100 timesteps: 140880

real	0m4.224s
user	0m16.752s
sys	0m0.074s
Running with OMP_NUM_THREADS=5
Total density after 100 timesteps: 140880

real	0m3.624s
user	0m17.971s
sys	0m0.054s
Running with OMP_NUM_THREADS=6
Total density after 100 timesteps: 140880

real	0m3.089s
user	0m18.381s
sys	0m0.068s
Running with OMP_NUM_THREADS=7
Total density after 100 timesteps: 140880

real	0m2.872s
user	0m19.949s
sys	0m0.058s
Running with OMP_NUM_THREADS=8
Total density after 100 timesteps: 140880

real	0m2.531s
user	0m20.007s
sys	0m0.074s
Running with OMP_NUM_THREADS=9
Total density after 100 timesteps: 140880

real	0m2.294s
user	0m20.449s
sys	0m0.062s
Running with OMP_NUM_THREADS=10
Total density after 100 timesteps: 140880

real	0m2.068s
user	0m20.459s
sys	0m0.070s
Running with OMP_NUM_THREADS=11
Total density after 100 timesteps: 140880

real	0m2.165s
user	0m23.476s
sys	0m0.096s
Running with OMP_NUM_THREADS=12
Total density after 100 timesteps: 140880

real	0m1.977s
user	0m23.462s
sys	0m0.074s
Running with OMP_NUM_THREADS=13
Total density after 100 timesteps: 140880

real	0m1.987s
user	0m25.370s
sys	0m0.097s
Running with OMP_NUM_THREADS=14
Total density after 100 timesteps: 140880

real	0m1.864s
user	0m25.678s
sys	0m0.095s
Running with OMP_NUM_THREADS=15
Total density after 100 timesteps: 140880

real	0m1.924s
user	0m28.535s
sys	0m0.098s
Running with OMP_NUM_THREADS=16
Total density after 100 timesteps: 140880

real	0m1.660s
user	0m26.202s
sys	0m0.105s
Running with OMP_NUM_THREADS=17
Total density after 100 timesteps: 140880

real	0m1.688s
user	0m28.189s
sys	0m0.096s
Running with OMP_NUM_THREADS=18
Total density after 100 timesteps: 140880

real	0m1.878s
user	0m33.279s
sys	0m0.142s
Running with OMP_NUM_THREADS=19
Total density after 100 timesteps: 140880

real	0m1.523s
user	0m28.503s
sys	0m0.128s
Running with OMP_NUM_THREADS=20
Total density after 100 timesteps: 140880

real	0m1.552s
user	0m30.473s
sys	0m0.127s
Running with OMP_NUM_THREADS=21
Total density after 100 timesteps: 140880

real	0m1.660s
user	0m34.240s
sys	0m0.136s
Running with OMP_NUM_THREADS=22
Total density after 100 timesteps: 140880

real	0m1.705s
user	0m36.990s
sys	0m0.160s
Running with OMP_NUM_THREADS=23
Total density after 100 timesteps: 140880

real	0m1.484s
user	0m33.656s
sys	0m0.114s
Running with OMP_NUM_THREADS=24
Total density after 100 timesteps: 140880

real	0m1.750s
user	0m46.246s
sys	0m0.126s
Running with OMP_NUM_THREADS=25
Total density after 100 timesteps: 140880

real	0m1.998s
user	0m49.334s
sys	0m0.162s
Running with OMP_NUM_THREADS=26
Total density after 100 timesteps: 140880

real	0m1.813s
user	0m46.571s
sys	0m0.146s
Running with OMP_NUM_THREADS=27
Total density after 100 timesteps: 140880

real	0m2.062s
user	0m55.043s
sys	0m0.161s
Running with OMP_NUM_THREADS=28
Total density after 100 timesteps: 140880

real	0m2.109s
user	0m58.352s
sys	0m0.234s
Running with OMP_NUM_THREADS=29
Total density after 100 timesteps: 140880

real	0m2.028s
user	0m58.128s
sys	0m0.191s
Running with OMP_NUM_THREADS=30
Total density after 100 timesteps: 140880

real	0m2.502s
user	1m14.301s
sys	0m0.235s
Running with OMP_NUM_THREADS=31
Total density after 100 timesteps: 140880

real	0m2.235s
user	1m8.467s
sys	0m0.230s
Running with OMP_NUM_THREADS=32
Total density after 100 timesteps: 140880

real	0m2.519s
user	1m19.698s
sys	0m0.318s
Running with OMP_NUM_THREADS=33
Total density after 100 timesteps: 140880

real	0m2.300s
user	1m15.090s
sys	0m0.267s
Running with OMP_NUM_THREADS=34
Total density after 100 timesteps: 140880

real	0m2.224s
user	1m14.801s
sys	0m0.267s
Running with OMP_NUM_THREADS=35
Total density after 100 timesteps: 140880

real	0m2.739s
user	1m35.027s
sys	0m0.245s
Running with OMP_NUM_THREADS=36
Total density after 100 timesteps: 140880

real	0m2.635s
user	1m33.922s
sys	0m0.300s
Running with OMP_NUM_THREADS=37
Total density after 100 timesteps: 140880

real	0m1.576s
user	0m57.644s
sys	0m0.081s
Running with OMP_NUM_THREADS=38
Total density after 100 timesteps: 140880

real	0m1.442s
user	0m54.212s
sys	0m0.032s
Running with OMP_NUM_THREADS=39
Total density after 100 timesteps: 140880

real	0m2.474s
user	1m35.564s
sys	0m0.282s
Running with OMP_NUM_THREADS=40
Total density after 100 timesteps: 140880

real	0m2.447s
user	1m36.852s
sys	0m0.374s
Running with OMP_NUM_THREADS=41
Total density after 100 timesteps: 140880

real	0m2.283s
user	1m32.476s
sys	0m0.431s
Running with OMP_NUM_THREADS=42
Total density after 100 timesteps: 140880

real	0m1.650s
user	1m8.583s
sys	0m0.047s
Running with OMP_NUM_THREADS=43
Total density after 100 timesteps: 140880

real	0m2.457s
user	1m44.570s
sys	0m0.341s
Running with OMP_NUM_THREADS=44
Total density after 100 timesteps: 140880

real	0m1.481s
user	1m4.390s
sys	0m0.031s
Running with OMP_NUM_THREADS=45
Total density after 100 timesteps: 140880

real	0m2.776s
user	2m3.781s
sys	0m0.458s
Running with OMP_NUM_THREADS=46
Total density after 100 timesteps: 140880

real	0m2.196s
user	1m39.734s
sys	0m0.457s
Running with OMP_NUM_THREADS=47
Total density after 100 timesteps: 140880

real	0m2.567s
user	1m59.290s
sys	0m0.403s
Running with OMP_NUM_THREADS=48
Total density after 100 timesteps: 140880

real	0m1.454s
user	1m8.946s
sys	0m0.068s
